1 10 20
100 200 125
201 210 89
900 1000 174
100 22 119
66 15 113
92 24 116
35 11 112
49 47 105
68 17 113
86 84 31
44 43 30
41 74 116
8 64 113
20 25 24
22 44 112
65 44 113
92 68 116
60 14 113
49 30 110
64 35 113
30 31 107
29 14 112
85 31 116
43 45 30
48 43 105
100 75 119
28 52 110
27 28 112
59 56 33
86 50 116
7 90 116
91 59 116
16 30 112
8 52 112
18 91 116
74 84 111
57 10 113
35 49 110
90 47 116
66 66 28
24 95 116
43 17 112
39 37 35
36 95 116
55 53 113
46 64 113
34 44 110
2 58 113
64 46 113
5 77 116
86 9 116
48 10 112
47 42 105
92 66 116
43 17 112
36 28 107
76 7 116
18 31 112
56 6 113
21 61 113
69 43 113
4 2 8
89 71 116
44 42 30
42 11 112
40 43 110
96 94 106
72 5 113
21 49 112
59 36 113
17 63 113
73 76 116
24 78 116
13 78 116
69 92 116
62 79 116
70 9 113
77 91 111
38 44 110
34 11 112
6 38 112
99 77 119
53 64 113
90 2 116
34 88 116
20 30 112
25 7 24
84 88 31
24 15 21
79 40 116
19 87 116
36 41 110
50 56 113
38 28 107
47 87 116
64 26 113
43 87 116
40 5 112
69 5 113
14 97 119
57 84 116
42 62 113
31 44 110
88 44 116
24 62 113
99 45 119
59 12 113
88 8 116
79 32 116
90 99 119
21 67 113
94 82 111
36 90 116
1 12 20
34 42 110
35 13 112
100 63 119
21 27 112
8 83 116
44 34 110
56 22 113
42 33 110
24 52 112
60 17 113
14 60 113
14 6 20
52 29 110
50 98 119
95 65 116
76 70 116
72 45 113
31 38 107
72 91 116
58 37 113
72 85 116
19 14 21
78 96 111
50 35 110
3 42 112
4 40 112
94 57 116
38 51 110
57 20 113
6 61 113
59 83 116
8 86 116
75 51 116
64 87 116
73 9 116
26 6 24
95 62 116
20 20 8
82 66 116
61 42 113
23 9 21
45 30 110
42 21 112
18 19 21
20 26 24
2 68 113
31 34 107
93 2 116
42 75 116
23 21 16
76 92 111
84 15 116
80 42 116
61 42 113
70 92 116
95 80 111
2 40 112
38 60 113
61 63 108
82 17 116
78 52 116
43 8 112
85 72 116
49 95 116
67 41 113
34 63 113
88 1 116
20 87 116
58 21 113
87 71 116
68 19 113
18 12 21
59 17 113
32 55 113
63 11 113
17 92 116
65 25 113
25 91 116
6 95 116
19 71 113
55 91 116
26 32 112
7 23 21
39 27 112
51 68 113
70 5 113
61 17 113
42 6 112
36 5 112
570 564 106
940 584 179
948 727 179
888 516 179
673 879 179
501 984 179
908 774 179
764 748 153
757 771 153
816 921 179
527 787 171
799 875 179
565 933 179
765 963 179
813 656 171
953 596 179
789 833 135
762 872 179
547 790 171
744 746 91
678 806 171
712 608 171
593 765 171
634 691 145
829 694 171
729 622 171
787 727 153
696 862 171
953 1000 143
847 990 179
613 937 179
964 923 174
787 964 179
728 636 171
589 678 145
503 792 171
917 828 179
569 943 179
552 718 171
906 732 179
589 815 171
921 584 179
896 625 179
537 916 179
818 708 153
987 663 179
836 927 179
752 595 171
567 849 171
827 632 171
957 913 174
814 626 171
981 817 179
870 657 171
812 825 135
866 763 153
811 678 171
981 654 179
626 964 179
749 851 153
952 782 179
598 946 179
931 908 130
679 538 145
862 661 171
541 612 137
687 845 171
977 849 179
818 716 153
751 937 179
733 610 171
816 505 171
702 916 179
760 947 179
533 765 171
900 827 179
898 533 179
720 966 179
613 688 145
848 817 135
886 927 148
869 680 171
871 752 179
960 506 179
917 682 179
844 786 135
647 529 137
948 980 143
945 957 55
921 584 179
789 555 171
886 574 179
959 791 179
656 902 179
647 723 171
997 729 179
511 593 137
641 525 137
970 749 179
941 765 179
645 567 132
689 755 171
777 592 171
577 676 145
748 672 171
908 790 179
991 679 179
661 859 171
806 511 171
678 611 145
830 599 171
842 1000 179
767 971 179
694 936 179
791 700 171
761 639 171
535 838 171
608 765 171
775 531 171
847 654 171
646 763 171
826 830 135
521 956 179
918 573 179
945 741 179
628 630 39
943 828 179
576 600 119
683 507 145
618 605 132
949 531 179
791 708 153
713 908 179
537 930 179
548 741 171
716 661 171
580 775 171
851 576 171
848 523 171
570 539 137
574 908 179
542 761 171
691 617 145
966 806 179
775 562 171
786 810 122
695 793 171
647 717 171
843 575 171
763 528 171
580 974 179
927 707 179
841 694 171
700 578 145
809 554 171
585 742 171
700 810 171
647 769 171
936 778 179
598 890 179
884 681 179
718 927 179
858 945 179
736 642 171
909 845 179
753 880 179
618 709 171
641 657 145
810 671 171
968 582 179
732 768 153
604 884 179
900 918 130
834 678 171
664 554 145
681 534 145
873 991 174
659 766 171
565 884 179
626 519 137
750 845 153
797 904 179
718 933 179
830 524 171
765 716 153
850 591 171
626 1000 179
833 981 179
567 930 179
526 542 124
792 897 179
538 913 179
680 677 65
519 982 179
849 914 179
996 699 179
984 829 179
688 572 145
640 958 179
872 720 179
8270 4639 262
4237 7290 262
4877 7655 262
8017 4810 262
2902 3912 238
8300 6760 257
6067 7164 262
6270 3618 262
7917 3463 262
7135 6118 262
6205 6584 213
3480 5291 238
4095 6572 262
7825 7460 221
6594 5489 262
5499 8104 262
6682 6703 138
3973 8382 262
5745 8596 262
4971 8829 262
3232 4161 238
8936 6383 257
3868 2772 238
3858 6032 236
5556 5475 205
3377 3635 194
8524 6768 257
7703 8411 252
3088 5055 238
3199 4469 238
4256 4011 202
2686 8609 262
7652 8770 252
7171 4301 262
3283 8422 262
3001 4425 238
4627 3931 215
8096 8388 234
5583 5698 205
4951 4563 210
5984 8865 262
7609 4479 262
5063 8782 262
6655 6243 244
8767 8021 234
2977 7047 262
5963 6891 262
3870 8567 262
5986 6494 262
5307 3384 238
5446 5057 192
5951 3983 236
4426 6862 262
3810 8672 262
4905 3898 215
6336 7740 257
6525 5782 262
3736 3098 238
4325 5779 236
5053 6625 262
8047 6529 257
8827 5782 262
5243 7495 262
5642 4002 236
8491 2922 262
2866 7443 262
8299 3327 262
6531 4815 262
8626 5312 262
6086 6070 156
2503 7678 262
8930 7936 252
8966 7754 252
2592 7890 262
8498 5764 262
8062 4514 262
5312 3076 238
6019 3509 238
5062 6291 262
8858 5741 262
5711 5334 236
3223 8937 262
3778 8285 262
4220 2757 238
5191 6128 236
6964 8799 252
2596 2874 191
6362 6189 200
5156 3266 238
2896 3895 238
2674 6330 262
7984 6196 257
7397 3616 262
8800 8125 234
2931 6064 238
7156 8358 252
5536 5380 192
7090 6533 257
3414 6543 262
8718 6763 257
7673 2922 262
5859 6110 187
3207 3551 181
4881 7690 262
6246 5532 262
3617 8847 262
3844 4164 189
5374 4569 210
8836 8476 216
4346 5136 215
5124 8864 262
5155 8554 262
6365 5309 262
4141 6933 262
8676 4319 262
8082 3075 262
7298 4639 262
5919 6681 262
7975 5171 262
8656 8476 203
3320 5417 238
3984 3466 238
7891 8096 252
5581 2856 238
7056 6335 257
8057 5744 262
8448 2942 262
8742 8196 234
4891 3680 238
7051 5814 262
6853 2565 262
2772 4169 238
8431 4710 262
6305 5029 262
3092 2918 217
4135 6334 262
7909 6309 257
8490 3003 262
4657 4632 184
2651 7238 262
8656 5708 262
7935 3522 262
6143 4023 236
6712 5717 262
2592 8886 262
8482 4962 262
3855 5960 236
6318 7673 257
6932 4729 262
6907 5065 262
2950 8779 262
6019 3976 236
8909 3876 262
5975 4751 236
7953 4729 262
2991 5159 238
3751 6557 262
3670 4169 238
5835 4641 236
6402 4451 262
7699 5978 262
5143 6124 236
6947 5554 262
4785 5594 236
2677 8913 262
5672 3511 238
6889 6998 257
6395 3974 262
7112 7629 239
2900 4849 238
4472 5142 210
7886 6293 257
6318 8167 257
7661 4440 262
3917 8602 262
8165 5511 262
6465 5822 262
2724 8895 262
4148 3018 238
5141 4251 215
4658 7472 262
7430 5144 262
2553 2699 191
7828 5422 262
3212 8664 262
2744 3166 217
5813 5404 236
8896 2752 262
8364 7798 252
8535 7981 234
7260 4415 262
6632 3055 262
5219 8682 262
5454 7550 262
8039 6231 257
7367 7509 239
5172 8669 262
2733 5880 238
2980 7118 262
6796 7946 257
49264 18054 324
25066 45739 324
37808 46860 314
28651 26101 308
43943 27000 324
30244 18491 308
9128 5138 262
9532 15519 276
18975 36055 324
16693 33796 308
22985 6687 279
49506 39860 314
25103 11806 282
17564 24411 282
15496 45800 324
2220 13896 276
1441 27977 308
18772 47665 324
10060 19791 279
572 47048 324
18174 34454 311
5054 20049 279
23856 20717 282
23336 9269 279
48156 32897 324
13266 9884 276
18247 3007 279
27820 31990 285
3214 16446 276
40247 41451 288
508 10051 262
19117 39168 324
43293 43375 226
32340 7608 308
8342 16802 276
28504 11816 308
2601 9600 262
15109 39766 324
18023 26441 282
8057 8887 234
43275 24308 324
8442 15661 276
26420 25069 264
5532 45387 324
15931 47961 324
17992 42420 324
44220 20982 324
17852 7144 279
7205 6417 257
20515 16691 279
29838 25834 308
36083 12047 324
35980 48521 314
47862 40864 314
6467 30561 308
34181 47191 324
23518 32285 308
5622 37217 324
32958 29253 285
5362 43981 324
2194 41887 324
30729 14840 308
32333 8651 308
39309 22738 324
32782 37840 324
46687 8709 324
45492 43649 314
44248 43670 270
3612 22334 279
10067 4260 262
40272 7796 324
1738 1165 180
14609 39356 324
8265 48393 324
26940 10974 308
8873 13191 268
29804 12897 308
46406 37244 314
46561 6988 324
28489 4351 308
28080 44759 324
25194 16104 282
28663 40053 324
44617 6632 324
46370 39758 314
3652 32575 308
27021 14599 308
21630 29316 308
32343 16640 308
47068 21352 324
4080 41728 324
46540 1885 324
36430 44120 306
40962 11855 324
2085 41552 324
8157 37348 324
10081 48964 324
13226 40711 324
33803 47173 324
5446 17484 276
37770 43542 306
49915 48162 296
6077 40066 324
49415 14706 324
9296 17850 279
42789 12506 324
13876 18529 279
21564 20655 256
21228 13513 279
41266 27059 324
32264 14648 308
907 3127 217
40521 24549 324
5504 24201 282
47748 37600 314
22191 47399 324
45366 13390 324
12146 44091 324
16285 18245 279
5380 48789 324
3236 46715 324
18381 2328 279
43917 36637 306
33377 11447 308
17819 41096 324
918 49407 324
35757 36660 249
26556 744 282
7418 42218 324
39099 45590 314
43434 33032 324
14101 24091 282
38468 22518 324
7678 10271 260
48917 1680 324
46345 16473 324
39023 1975 324
11496 31730 308
28938 28475 228
21307 37739 324
23655 29295 308
21191 15659 279
31054 30090 254
32960 41869 324
11985 5765 268
41119 38723 306
47108 25430 324
12885 42514 324
27549 40478 324
43566 18590 324
9036 8420 247
36659 38781 306
15436 46321 324
15766 30146 308
25665 39397 324
25632 3055 282
40360 19969 324
16942 49361 324
21075 13844 279
26875 22314 308
43192 31018 324
7559 15757 276
15088 39949 324
10393 46452 324
3197 44433 324
11004 35101 311
39522 10679 324
3927 16070 276
48051 4255 324
4254 47414 324
36868 49605 314
18484 6474 279
38817 4972 324
31010 19093 308
43777 2542 324
46415 23381 324
17564 47500 324
2943 38569 324
31034 47311 324
17044 38431 324
49920 30979 324
40469 35805 306
47818 33819 324
9696 45018 324
25067 31652 308
14717 40984 324
26547 3789 282
27296 1484 308
22036 40247 324
8833 13484 276
10624 10702 193
34279 4807 311
29846 16629 308
29891 37750 324
18285 48745 324
18253 18675 261
13341 37471 324
47718 38336 314
20175 13231 279
23440 1127 279
165011 600880 470
345313 844337 525
177309 939331 525
562697 723089 509
357369 223751 443
608476 810545 509
6647 756433 509
125000 385835 443
771352 777263 437
22163 484154 449
443124 813191 509
255028 628383 509
780244 334481 509
438614 978620 525
757290 977856 525
49562 18781 324
47483 939680 525
35493 435783 449
272739 123866 443
422955 454140 418
974698 619014 525
23784 755016 509
796253 162141 509
860797 933940 476
607997 566069 434
320749 750359 509
566770 159836 470
473423 173796 449
854283 279213 525
695525 174348 509
271551 71477 443
394830 564088 470
131420 581795 470
830316 214542 509
807140 797115 406
407785 350016 436
418775 706809 509
162959 912577 525
952522 847719 507
72249 483821 449
78754 357879 443
138720 158447 383
288375 2611 443
322319 55546 443
48279 470683 449
970455 877832 507
374168 757003 509
133506 230125 386
829563 68931 509
261819 403663 441
244362 419988 449
16755 847129 525
871367 791679 525
371622 205012 443
128463 618607 470
340 673611 509
942713 420436 525
116505 75164 354
709186 299035 509
923500 23941 525
849694 996080 507
784689 318570 509
646026 84395 509
590438 133499 470
355038 573631 470
926583 125310 525
292171 262895 407
795050 976863 525
290797 959798 525
980827 636460 525
161679 399595 443
870803 673217 525
886595 821668 525
853424 435675 525
150031 211295 383
983254 135358 525
443812 501982 444
481970 775883 509
226663 124146 386
313346 519095 470
796533 596361 509
689553 50825 509
186246 244441 443
636715 693983 442
567554 733495 509
688145 601982 509
135522 481981 449
545723 679431 509
403648 535499 470
193504 883116 525
441099 638267 509
781410 915779 525
885924 208147 525
213408 13216 383
531760 514413 439
639497 106310 509
725292 897083 525
726659 392428 509
430684 669703 509
525016 105659 470
277281 567437 470
737257 525626 509
780143 544205 509
677838 282870 509
123544 462755 449
951879 500152 525
565379 194289 470
177279 503904 449
527116 803538 509
863784 717977 525
550484 851397 525
923310 617691 525
258461 513130 470
586359 925225 525
110672 809325 509
897334 120913 525
581005 763108 509
357968 759309 509
583939 702470 509
848154 573629 525
63241 903868 525
152121 230151 386
49988 741458 509
630381 363105 509
182859 304718 443
447947 387672 449
746838 377666 509
268215 644967 509
741148 591763 509
454669 182280 449
693834 601906 509
50896 850803 525
716653 934122 525
45861 802405 509
46959 719075 509
605678 553158 434
144647 546995 470
650325 304004 509
176488 178370 347
4615 132599 354
563835 517945 452
684817 801736 504
969957 901437 507
768017 747973 468
591473 125947 470
388032 46731 443
613365 113832 470
242360 875339 525
525470 165521 470
478875 232713 449
29104 979881 525
872476 774831 525
38889 417514 449
159464 938223 525
37496 450908 449
768280 113488 509
341547 802814 509
557827 290735 470
92160 702314 509
415921 893494 525
598303 31759 470
32397 184628 383
848966 143864 525
673442 115628 509
484323 721014 509
492386 257693 449
743182 793064 468
628836 375929 509
305310 6456 443
56779 812819 509
544319 250580 470
401534 895577 525
315395 37568 443
940565 498749 525
593104 673240 509
147247 932227 525
227774 660589 509
441195 163394 449
241275 993838 525
792021 162930 509
806757 515123 509
914416 118944 525
276317 313418 389
328377 599036 470
305218 384912 441
195428 48058 383
911826 7280 525
932184 804728 525
52078 841109 525
582602 547112 421
577572 920746 525
636827 698629 442
728976 158457 509
222715 911314 525
588251 199878 470
674268 800405 504
522525 591127 452
959025 277115 525
50008 661176 509
624243 547004 447
1 999999 525
